<?xml version="1.0" encoding="UTF-8"?>
<testng-results skipped="0" failed="0" ignored="0" total="1" passed="1">
  <reporter-output>
  </reporter-output>
  <suite name="Default suite" duration-ms="3360" started-at="2020-04-15T23:42:44 IST" finished-at="2020-04-15T23:42:48 IST">
    <groups>
    </groups>
    <test name="Default test" duration-ms="3360" started-at="2020-04-15T23:42:44 IST" finished-at="2020-04-15T23:42:48 IST">
      <class name="demo.TestCase1">
        <test-method status="PASS" signature="testcase1()[pri:0, instance:demo.TestCase1@50b494a6]" name="testcase1" duration-ms="3320" started-at="2020-04-15T23:42:45 IST" finished-at="2020-04-15T23:42:48 IST">
          <reporter-output>
          </reporter-output>
        </test-method> <!-- testcase1 -->
      </class> <!-- demo.TestCase1 -->
    </test> <!-- Default test -->
  </suite> <!-- Default suite -->
</testng-results>
